<?xml version="1.0" encoding="UTF-8"?>
<!-- Generated by org.testng.reporters.JUnitReportReporter -->
<testsuite skipped="0" hostname="DESKTOP-A0OIC9M" name="com.etrading.skillkart.scripts.TC001" tests="1" failures="0" timestamp="2020-10-06T23:13:11 IST" time="23.805" errors="0">
  <testcase name="testItemAddedToKart" time="23.805" classname="com.etrading.skillkart.scripts.TC001"/>
  <system-out/>
</testsuite> <!-- com.etrading.skillkart.scripts.TC001 -->
